
Showing logs for build [32mcb-kubecd-bdd-gh-1568288202-pr-1[0m stage [32mmeta-pipeline[0m and container [32mstep-credential-initializer-2cmxn[0m
{"level":"warn","ts":1568288418.763209,"logger":"fallback-logger","caller":"logging/config.go:69","msg":"Fetch GitHub commit ID from kodata failed: \"ref: refs/heads/master\" is not a valid GitHub commit ID"}
{"level":"info","ts":1568288418.7642095,"logger":"fallback-logger","caller":"creds-init/main.go:40","msg":"Credentials initialized."}

Showing logs for build [32mcb-kubecd-bdd-gh-1568288202-pr-1[0m stage [32mmeta-pipeline[0m and container [32mstep-working-dir-initializer-gfgvd[0m
{"level":"warn","ts":1568288419.754683,"logger":"fallback-logger","caller":"logging/config.go:69","msg":"Fetch GitHub commit ID from kodata failed: open /var/run/ko/HEAD: no such file or directory"}
{"level":"info","ts":1568288419.7558138,"logger":"fallback-logger","caller":"bash/main.go:65","msg":"Successfully executed command \"mkdir -p /workspace/source\""}

Showing logs for build [32mcb-kubecd-bdd-gh-1568288202-pr-1[0m stage [32mmeta-pipeline[0m and container [32mstep-place-tools[0m

Showing logs for build [32mcb-kubecd-bdd-gh-1568288202-pr-1[0m stage [32mmeta-pipeline[0m and container [32mstep-git-source-meta-cb-kubecd-bdd-gh-156828820-n99kl[0m
{"level":"warn","ts":1568288425.8894305,"logger":"fallback-logger","caller":"logging/config.go:69","msg":"Fetch GitHub commit ID from kodata failed: \"ref: refs/heads/master\" is not a valid GitHub commit ID"}
{"level":"info","ts":1568288427.0609198,"logger":"fallback-logger","caller":"git/git.go:102","msg":"Successfully cloned https://github.com/cb-kubecd/bdd-gh-1568288202.git @ f8b4a0e3b7bda6c31ff7c2209e6620ac09d374bc in path /workspace/source"}

Showing logs for build [32mcb-kubecd-bdd-gh-1568288202-pr-1[0m stage [32mmeta-pipeline[0m and container [32mstep-git-merge[0m
Using SHAs from PULL_REFS=master:f8b4a0e3b7bda6c31ff7c2209e6620ac09d374bc,1:ffbebe1cc83905e25816614bd1258f571c832543
DEBUG: ran git fetch --unshallow origin ffbebe1cc83905e25816614bd1258f571c832543: f8b4a0e3b7bda6c31ff7c2209e6620ac09d374bc: in 
DEBUG: ran git checkout master in 
DEBUG: ran git reset --hard f8b4a0e3b7bda6c31ff7c2209e6620ac09d374bc in 
DEBUG: ran clean --force -d . in 
DEBUG: ran git merge ffbebe1cc83905e25816614bd1258f571c832543 in 
Merged SHA ffbebe1cc83905e25816614bd1258f571c832543 with commit message 'My first PR commit' into base branch master

Showing logs for build [32mcb-kubecd-bdd-gh-1568288202-pr-1[0m stage [32mmeta-pipeline[0m and container [32mstep-merge-pull-refs[0m
DEBUG: ran git fetch origin ffbebe1cc83905e25816614bd1258f571c832543: f8b4a0e3b7bda6c31ff7c2209e6620ac09d374bc: in 
DEBUG: Unshallowed git repo in 
DEBUG: ran git checkout master in 
DEBUG: ran git reset --hard f8b4a0e3b7bda6c31ff7c2209e6620ac09d374bc in 
DEBUG: ran clean --force -d . in 
DEBUG: ran git merge ffbebe1cc83905e25816614bd1258f571c832543 in 
Merged SHA ffbebe1cc83905e25816614bd1258f571c832543 with commit message 'My first PR commit' into base branch master

Showing logs for build [32mcb-kubecd-bdd-gh-1568288202-pr-1[0m stage [32mmeta-pipeline[0m and container [32mstep-create-effective-pipeline[0m
Deleting and cloning the Jenkins X versions repo
Cloning the Jenkins X versions repo https://github.com/jenkins-x/jenkins-x-versions.git with ref refs/heads/master to /builder/home/.**/jenkins-x-versions
Effective pipeline written to jenkins-x-serverless-jenkins-effective.yml

Showing logs for build [32mcb-kubecd-bdd-gh-1568288202-pr-1[0m stage [32mmeta-pipeline[0m and container [32mstep-create-tekton-crds[0m
PipelineActivity for cb-kubecd-bdd-gh-1568288202-PR-1-1
Applying changes 
upserted PipelineResource cb-kubecd-bdd-gh-1568288202-pr for the git repository https://github.com/cb-kubecd/bdd-gh-1568288202.git
upserted Task cb-kubecd-bdd-gh-1568288202-pr-from-build-pack-1
upserted Pipeline cb-kubecd-bdd-gh-1568288202-pr-1
created PipelineRun cb-kubecd-bdd-gh-1568288202-pr-1
created PipelineStructure cb-kubecd-bdd-gh-1568288202-pr-1

Showing logs for build [32mcb-kubecd-bdd-gh-1568288202-pr-1[0m stage [32mfrom-build-pack[0m and container [32mstep-credential-initializer-kpld7[0m
{"level":"warn","ts":1568288439.9305608,"logger":"fallback-logger","caller":"logging/config.go:69","msg":"Fetch GitHub commit ID from kodata failed: \"ref: refs/heads/master\" is not a valid GitHub commit ID"}
{"level":"info","ts":1568288439.931155,"logger":"fallback-logger","caller":"creds-init/main.go:40","msg":"Credentials initialized."}

Showing logs for build [32mcb-kubecd-bdd-gh-1568288202-pr-1[0m stage [32mfrom-build-pack[0m and container [32mstep-working-dir-initializer-rr99r[0m
{"level":"warn","ts":1568288440.4142458,"logger":"fallback-logger","caller":"logging/config.go:69","msg":"Fetch GitHub commit ID from kodata failed: open /var/run/ko/HEAD: no such file or directory"}
{"level":"info","ts":1568288440.4202163,"logger":"fallback-logger","caller":"bash/main.go:65","msg":"Successfully executed command \"mkdir -p /workspace/source /workspace/source/charts/preview\""}

Showing logs for build [32mcb-kubecd-bdd-gh-1568288202-pr-1[0m stage [32mfrom-build-pack[0m and container [32mstep-place-tools[0m

Showing logs for build [32mcb-kubecd-bdd-gh-1568288202-pr-1[0m stage [32mfrom-build-pack[0m and container [32mstep-git-source-cb-kubecd-bdd-gh-1568288202-pr-7qv28[0m
{"level":"warn","ts":1568288509.5399923,"logger":"fallback-logger","caller":"logging/config.go:69","msg":"Fetch GitHub commit ID from kodata failed: \"ref: refs/heads/master\" is not a valid GitHub commit ID"}
{"level":"info","ts":1568288510.608173,"logger":"fallback-logger","caller":"git/git.go:102","msg":"Successfully cloned https://github.com/cb-kubecd/bdd-gh-1568288202.git @ master in path /workspace/source"}

Showing logs for build [32mcb-kubecd-bdd-gh-1568288202-pr-1[0m stage [32mfrom-build-pack[0m and container [32mstep-git-merge[0m
Using SHAs from PULL_REFS=master:f8b4a0e3b7bda6c31ff7c2209e6620ac09d374bc,1:ffbebe1cc83905e25816614bd1258f571c832543
DEBUG: ran git fetch --unshallow origin ffbebe1cc83905e25816614bd1258f571c832543: f8b4a0e3b7bda6c31ff7c2209e6620ac09d374bc: in 
DEBUG: ran git checkout master in 
DEBUG: ran git reset --hard f8b4a0e3b7bda6c31ff7c2209e6620ac09d374bc in 
DEBUG: ran clean --force -d . in 
DEBUG: ran git merge ffbebe1cc83905e25816614bd1258f571c832543 in 
Merged SHA ffbebe1cc83905e25816614bd1258f571c832543 with commit message 'My first PR commit' into base branch master

Showing logs for build [32mcb-kubecd-bdd-gh-1568288202-pr-1[0m stage [32mfrom-build-pack[0m and container [32mstep-build-make-linux[0m
CGO_ENABLED=0 GOOS=linux GOARCH=amd64 GO15VENDOREXPERIMENT=1 go build -ldflags '' -o bin/bdd-gh-1568288202 main.go

Showing logs for build [32mcb-kubecd-bdd-gh-1568288202-pr-1[0m stage [32mfrom-build-pack[0m and container [32mstep-build-container-build[0m
[36mINFO[0m[0000] No base image, nothing to extract            
[36mINFO[0m[0000] cmd: EXPOSE                                  
[36mINFO[0m[0000] Adding exposed port: 8080/tcp                
[36mINFO[0m[0000] Using files from context: [/workspace/source/bin] 
[36mINFO[0m[0000] Skipping unpacking as no commands require it. 
[36mINFO[0m[0000] Taking snapshot of full filesystem...        
[36mINFO[0m[0000] EXPOSE 8080                                  
[36mINFO[0m[0000] cmd: EXPOSE                                  
[36mINFO[0m[0000] Adding exposed port: 8080/tcp                
[36mINFO[0m[0000] No files changed in this command, skipping snapshotting. 
[36mINFO[0m[0000] ENTRYPOINT ["/bdd-gh-1568288202"]            
[36mINFO[0m[0000] No files changed in this command, skipping snapshotting. 
[36mINFO[0m[0000] Using files from context: [/workspace/source/bin] 
[36mINFO[0m[0000] COPY ./bin/ /                                
[36mINFO[0m[0000] Taking snapshot of files...                  
2019/09/12 11:42:03 pushed blob: sha256:8574b7c3360d61ba386283e64d0fc899746a542253e0da5b62366b5305e5f33f
2019/09/12 11:42:03 pushed blob: sha256:c3f1e787373b6fb5f5e752908dae51e66fef4113798923360f6e59694eaf063d
2019/09/12 11:42:05 gcr.io/jenkins-x-bdd3/bdd-gh-1568288202:0.0.0-SNAPSHOT-PR-1-1: digest: sha256:e8dfaa9b7f91c151a6573d192847fdc13fdcdb01809b3add60411c85d3a88efa size: 428

Showing logs for build [32mcb-kubecd-bdd-gh-1568288202-pr-1[0m stage [32mfrom-build-pack[0m and container [32mstep-postbuild-post-build[0m
no CVE provider running in the current ** namespace so skip adding image to be analysed

Showing logs for build [32mcb-kubecd-bdd-gh-1568288202-pr-1[0m stage [32mfrom-build-pack[0m and container [32mstep-promote-make-preview[0m
sed -i -e "s/version:.*/version: 0.0.0-SNAPSHOT-PR-1-1/" Chart.yaml
sed -i -e "s/version:.*/version: 0.0.0-SNAPSHOT-PR-1-1/" ../*/Chart.yaml
sed -i -e "s|repository:.*|repository: gcr.io\/jenkins-x-bdd3\/bdd-gh-1568288202|" values.yaml
sed -i -e "s/tag:.*/tag: 0.0.0-SNAPSHOT-PR-1-1/" values.yaml
echo "  version: 0.0.0-SNAPSHOT-PR-1-1" >> requirements.yaml
** step helm build
WARNING: No $CHART_REPOSITORY defined so using the default value of: http://jenkins-x-chartmuseum:8080
Adding missing Helm repo: storage.googleapis.com https://storage.googleapis.com/chartmuseum.jenkins-x.io
Successfully added Helm repository storage.googleapis.com.
Adding missing Helm repo: jenkins-x-chartmuseum http://jenkins-x-chartmuseum:8080
Successfully added Helm repository jenkins-x-chartmuseum.
WARNING: No $CHART_REPOSITORY defined so using the default value of: http://jenkins-x-chartmuseum:8080
Adding missing Helm repo: chartmuseum.jenkins-x.io http://chartmuseum.jenkins-x.io
Successfully added Helm repository chartmuseum.jenkins-x.io.

Showing logs for build [32mcb-kubecd-bdd-gh-1568288202-pr-1[0m stage [32mfrom-build-pack[0m and container [32mstep-promote-jx-preview[0m
Creating a preview
WARNING: No author for commit: ffbebe1cc83905e25816614bd1258f571c832543
Created environment cb-kubecd-bdd-gh-1568288202-pr-1
Namespace **-cb-kubecd-bdd-gh-1568288202-pr-1 created 
expose:
  Annotations:
    helm.sh/hook: post-install,post-upgrade
    helm.sh/hook-delete-policy: hook-succeeded
  config:
    domain: 34.77.87.159.nip.io
    exposer: Ingress
    http: "true"
preview:
  image:
    repository: gcr.io/jenkins-x-bdd3/bdd-gh-1568288202
    tag: 0.0.0-SNAPSHOT-PR-1-1
Deleting and cloning the Jenkins X versions repo
Cloning the Jenkins X versions repo https://github.com/jenkins-x/jenkins-x-versions.git with ref refs/heads/master to /builder/home/.**/jenkins-x-versions


Updating PipelineActivities cb-kubecd-bdd-gh-1568288202-pr-1-1 which has status Running
WARNING: preview application http://bdd-gh-1568288202.**-cb-kubecd-bdd-gh-1568288202-pr-1.34.77.87.159.nip.io not available, error was 503 503 Service Temporarily Unavailable, delaying for: 1.252573036s
Preview application is now available at: http://bdd-gh-1568288202.**-cb-kubecd-bdd-gh-1568288202-pr-1.34.77.87.159.nip.io
